[2024-03-22 04:37:42] local.ERROR: Database connection [smysql] not configured. {"exception":"[object] (InvalidArgumentException(code: 0): Database connection [smysql] not configured. at C:\\Users\\Ken Ralph\\Desktop\\MFI Activity\\SAD\\Laravel\\villa_aurora\\vendor\\laravel\\framework\\src\\Illuminate\\Database\\DatabaseManager.php:188)
[stacktrace]
#0 C:\\Users\\Ken Ralph\\Desktop\\MFI Activity\\SAD\\Laravel\\villa_aurora\\vendor\\laravel\\framework\\src\\Illuminate\\Database\\DatabaseManager.php(151): Illuminate\\Database\\DatabaseManager->configuration()
#1 C:\\Users\\Ken Ralph\\Desktop\\MFI Activity\\SAD\\Laravel\\villa_aurora\\vendor\\laravel\\framework\\src\\Illuminate\\Database\\DatabaseManager.php(93): Illuminate\\Database\\DatabaseManager->makeConnection()
#2 C:\\Users\\Ken Ralph\\Desktop\\MFI Activity\\SAD\\Laravel\\villa_aurora\\vendor\\laravel\\framework\\src\\Illuminate\\Database\\Migrations\\DatabaseMigrationRepository.php(226): Illuminate\\Database\\DatabaseManager->connection()
#3 C:\\Users\\Ken Ralph\\Desktop\\MFI Activity\\SAD\\Laravel\\villa_aurora\\vendor\\laravel\\framework\\src\\Illuminate\\Database\\Migrations\\DatabaseMigrationRepository.php(182): Illuminate\\Database\\Migrations\\DatabaseMigrationRepository->getConnection()
#4 C:\\Users\\Ken Ralph\\Desktop\\MFI Activity\\SAD\\Laravel\\villa_aurora\\vendor\\laravel\\framework\\src\\Illuminate\\Database\\Migrations\\Migrator.php(689): Illuminate\\Database\\Migrations\\DatabaseMigrationRepository->repositoryExists()
#5 C:\\Users\\Ken Ralph\\Desktop\\MFI Activity\\SAD\\Laravel\\villa_aurora\\vendor\\laravel\\framework\\src\\Illuminate\\Database\\Console\\Migrations\\MigrateCommand.php(163): Illuminate\\Database\\Migrations\\Migrator->repositoryExists()
#6 C:\\Users\\Ken Ralph\\Desktop\\MFI Activity\\SAD\\Laravel\\villa_aurora\\vendor\\laravel\\framework\\src\\Illuminate\\Support\\helpers.php(286): Illuminate\\Database\\Console\\Migrations\\MigrateCommand->Illuminate\\Database\\Console\\Migrations\\{closure}()
#7 C:\\Users\\Ken Ralph\\Desktop\\MFI Activity\\SAD\\Laravel\\villa_aurora\\vendor\\laravel\\framework\\src\\Illuminate\\Database\\Console\\Migrations\\MigrateCommand.php(163): retry()
#8 C:\\Users\\Ken Ralph\\Desktop\\MFI Activity\\SAD\\Laravel\\villa_aurora\\vendor\\laravel\\framework\\src\\Illuminate\\Database\\Console\\Migrations\\MigrateCommand.php(139): Illuminate\\Database\\Console\\Migrations\\MigrateCommand->repositoryExists()
#9 C:\\Users\\Ken Ralph\\Desktop\\MFI Activity\\SAD\\Laravel\\villa_aurora\\vendor\\laravel\\framework\\src\\Illuminate\\Database\\Console\\Migrations\\MigrateCommand.php(109): Illuminate\\Database\\Console\\Migrations\\MigrateCommand->prepareDatabase()
#10 C:\\Users\\Ken Ralph\\Desktop\\MFI Activity\\SAD\\Laravel\\villa_aurora\\vendor\\laravel\\framework\\src\\Illuminate\\Database\\Migrations\\Migrator.php(622): Illuminate\\Database\\Console\\Migrations\\MigrateCommand->Illuminate\\Database\\Console\\Migrations\\{closure}()
#11 C:\\Users\\Ken Ralph\\Desktop\\MFI Activity\\SAD\\Laravel\\villa_aurora\\vendor\\laravel\\framework\\src\\Illuminate\\Database\\Console\\Migrations\\MigrateCommand.php(108): Illuminate\\Database\\Migrations\\Migrator->usingConnection()
#12 C:\\Users\\Ken Ralph\\Desktop\\MFI Activity\\SAD\\Laravel\\villa_aurora\\vendor\\laravel\\framework\\src\\Illuminate\\Database\\Console\\Migrations\\MigrateCommand.php(87): Illuminate\\Database\\Console\\Migrations\\MigrateCommand->runMigrations()
#13 C:\\Users\\Ken Ralph\\Desktop\\MFI Activity\\SAD\\Laravel\\villa_aurora\\vendor\\laravel\\framework\\src\\Illuminate\\Container\\BoundMethod.php(36): Illuminate\\Database\\Console\\Migrations\\MigrateCommand->handle()
#14 C:\\Users\\Ken Ralph\\Desktop\\MFI Activity\\SAD\\Laravel\\villa_aurora\\vendor\\laravel\\framework\\src\\Illuminate\\Container\\Util.php(41): Illuminate\\Container\\BoundMethod::Illuminate\\Container\\{closure}()
#15 C:\\Users\\Ken Ralph\\Desktop\\MFI Activity\\SAD\\Laravel\\villa_aurora\\vendor\\laravel\\framework\\src\\Illuminate\\Container\\BoundMethod.php(93): Illuminate\\Container\\Util::unwrapIfClosure()
#16 C:\\Users\\Ken Ralph\\Desktop\\MFI Activity\\SAD\\Laravel\\villa_aurora\\vendor\\laravel\\framework\\src\\Illuminate\\Container\\BoundMethod.php(35): Illuminate\\Container\\BoundMethod::callBoundMethod()
#17 C:\\Users\\Ken Ralph\\Desktop\\MFI Activity\\SAD\\Laravel\\villa_aurora\\vendor\\laravel\\framework\\src\\Illuminate\\Container\\Container.php(662): Illuminate\\Container\\BoundMethod::call()
#18 C:\\Users\\Ken Ralph\\Desktop\\MFI Activity\\SAD\\Laravel\\villa_aurora\\vendor\\laravel\\framework\\src\\Illuminate\\Console\\Command.php(212): Illuminate\\Container\\Container->call()
#19 C:\\Users\\Ken Ralph\\Desktop\\MFI Activity\\SAD\\Laravel\\villa_aurora\\vendor\\symfony\\console\\Command\\Command.php(279): Illuminate\\Console\\Command->execute()
#20 C:\\Users\\Ken Ralph\\Desktop\\MFI Activity\\SAD\\Laravel\\villa_aurora\\vendor\\laravel\\framework\\src\\Illuminate\\Console\\Command.php(181): Symfony\\Component\\Console\\Command\\Command->run()
#21 C:\\Users\\Ken Ralph\\Desktop\\MFI Activity\\SAD\\Laravel\\villa_aurora\\vendor\\symfony\\console\\Application.php(1049): Illuminate\\Console\\Command->run()
#22 C:\\Users\\Ken Ralph\\Desktop\\MFI Activity\\SAD\\Laravel\\villa_aurora\\vendor\\symfony\\console\\Application.php(318): Symfony\\Component\\Console\\Application->doRunCommand()
#23 C:\\Users\\Ken Ralph\\Desktop\\MFI Activity\\SAD\\Laravel\\villa_aurora\\vendor\\symfony\\console\\Application.php(169): Symfony\\Component\\Console\\Application->doRun()
#24 C:\\Users\\Ken Ralph\\Desktop\\MFI Activity\\SAD\\Laravel\\villa_aurora\\vendor\\laravel\\framework\\src\\Illuminate\\Foundation\\Console\\Kernel.php(196): Symfony\\Component\\Console\\Application->run()
#25 C:\\Users\\Ken Ralph\\Desktop\\MFI Activity\\SAD\\Laravel\\villa_aurora\\vendor\\laravel\\framework\\src\\Illuminate\\Foundation\\Application.php(1183): Illuminate\\Foundation\\Console\\Kernel->handle()
#26 C:\\Users\\Ken Ralph\\Desktop\\MFI Activity\\SAD\\Laravel\\villa_aurora\\artisan(13): Illuminate\\Foundation\\Application->handleCommand()
#27 {main}
"} 
[2024-03-22 06:16:04] local.ERROR: Class "App\Http\Controllers\User" not found {"exception":"[object] (Error(code: 0): Class \"App\\Http\\Controllers\\User\" not found at C:\\Users\\Ken Ralph\\Desktop\\MFI Activity\\SAD\\Laravel\\villa_aurora\\app\\Http\\Controllers\\UserController.php:40)
[stacktrace]
#0 C:\\Users\\Ken Ralph\\Desktop\\MFI Activity\\SAD\\Laravel\\villa_aurora\\vendor\\laravel\\framework\\src\\Illuminate\\Routing\\Controller.php(54): App\\Http\\Controllers\\UserController->store()
#1 C:\\Users\\Ken Ralph\\Desktop\\MFI Activity\\SAD\\Laravel\\villa_aurora\\vendor\\laravel\\framework\\src\\Illuminate\\Routing\\ControllerDispatcher.php(43): Illuminate\\Routing\\Controller->callAction()
#2 C:\\Users\\Ken Ralph\\Desktop\\MFI Activity\\SAD\\Laravel\\villa_aurora\\vendor\\laravel\\framework\\src\\Illuminate\\Routing\\Route.php(260): Illuminate\\Routing\\ControllerDispatcher->dispatch()
#3 C:\\Users\\Ken Ralph\\Desktop\\MFI Activity\\SAD\\Laravel\\villa_aurora\\vendor\\laravel\\framework\\src\\Illuminate\\Routing\\Route.php(206): Illuminate\\Routing\\Route->runController()
#4 C:\\Users\\Ken Ralph\\Desktop\\MFI Activity\\SAD\\Laravel\\villa_aurora\\vendor\\laravel\\framework\\src\\Illuminate\\Routing\\Router.php(806): Illuminate\\Routing\\Route->run()
#5 C:\\Users\\Ken Ralph\\Desktop\\MFI Activity\\SAD\\Laravel\\villa_aurora\\vendor\\laravel\\framework\\src\\Illuminate\\Pipeline\\Pipeline.php(144): Illuminate\\Routing\\Router->Illuminate\\Routing\\{closure}()
#6 C:\\Users\\Ken Ralph\\Desktop\\MFI Activity\\SAD\\Laravel\\villa_aurora\\vendor\\laravel\\framework\\src\\Illuminate\\Routing\\Middleware\\SubstituteBindings.php(50): Illuminate\\Pipeline\\Pipeline->Illuminate\\Pipeline\\{closure}()
#7 C:\\Users\\Ken Ralph\\Desktop\\MFI Activity\\SAD\\Laravel\\villa_aurora\\vendor\\laravel\\framework\\src\\Illuminate\\Pipeline\\Pipeline.php(183): Illuminate\\Routing\\Middleware\\SubstituteBindings->handle()
#8 C:\\Users\\Ken Ralph\\Desktop\\MFI Activity\\SAD\\Laravel\\villa_aurora\\vendor\\laravel\\framework\\src\\Illuminate\\Pipeline\\Pipeline.php(119): Illuminate\\Pipeline\\Pipeline->Illuminate\\Pipeline\\{closure}()
#9 C:\\Users\\Ken Ralph\\Desktop\\MFI Activity\\SAD\\Laravel\\villa_aurora\\vendor\\laravel\\framework\\src\\Illuminate\\Routing\\Router.php(805): Illuminate\\Pipeline\\Pipeline->then()
#10 C:\\Users\\Ken Ralph\\Desktop\\MFI Activity\\SAD\\Laravel\\villa_aurora\\vendor\\laravel\\framework\\src\\Illuminate\\Routing\\Router.php(784): Illuminate\\Routing\\Router->runRouteWithinStack()
#11 C:\\Users\\Ken Ralph\\Desktop\\MFI Activity\\SAD\\Laravel\\villa_aurora\\vendor\\laravel\\framework\\src\\Illuminate\\Routing\\Router.php(748): Illuminate\\Routing\\Router->runRoute()
#12 C:\\Users\\Ken Ralph\\Desktop\\MFI Activity\\SAD\\Laravel\\villa_aurora\\vendor\\laravel\\framework\\src\\Illuminate\\Routing\\Router.php(737): Illuminate\\Routing\\Router->dispatchToRoute()
#13 C:\\Users\\Ken Ralph\\Desktop\\MFI Activity\\SAD\\Laravel\\villa_aurora\\vendor\\laravel\\framework\\src\\Illuminate\\Foundation\\Http\\Kernel.php(200): Illuminate\\Routing\\Router->dispatch()
#14 C:\\Users\\Ken Ralph\\Desktop\\MFI Activity\\SAD\\Laravel\\villa_aurora\\vendor\\laravel\\framework\\src\\Illuminate\\Pipeline\\Pipeline.php(144): Illuminate\\Foundation\\Http\\Kernel->Illuminate\\Foundation\\Http\\{closure}()
#15 C:\\Users\\Ken Ralph\\Desktop\\MFI Activity\\SAD\\Laravel\\villa_aurora\\vendor\\laravel\\framework\\src\\Illuminate\\Foundation\\Http\\Middleware\\TransformsRequest.php(21): Illuminate\\Pipeline\\Pipeline->Illuminate\\Pipeline\\{closure}()
#16 C:\\Users\\Ken Ralph\\Desktop\\MFI Activity\\SAD\\Laravel\\villa_aurora\\vendor\\laravel\\framework\\src\\Illuminate\\Foundation\\Http\\Middleware\\ConvertEmptyStringsToNull.php(31): Illuminate\\Foundation\\Http\\Middleware\\TransformsRequest->handle()
#17 C:\\Users\\Ken Ralph\\Desktop\\MFI Activity\\SAD\\Laravel\\villa_aurora\\vendor\\laravel\\framework\\src\\Illuminate\\Pipeline\\Pipeline.php(183): Illuminate\\Foundation\\Http\\Middleware\\ConvertEmptyStringsToNull->handle()
#18 C:\\Users\\Ken Ralph\\Desktop\\MFI Activity\\SAD\\Laravel\\villa_aurora\\vendor\\laravel\\framework\\src\\Illuminate\\Foundation\\Http\\Middleware\\TransformsRequest.php(21): Illuminate\\Pipeline\\Pipeline->Illuminate\\Pipeline\\{closure}()
#19 C:\\Users\\Ken Ralph\\Desktop\\MFI Activity\\SAD\\Laravel\\villa_aurora\\vendor\\laravel\\framework\\src\\Illuminate\\Foundation\\Http\\Middleware\\TrimStrings.php(50): Illuminate\\Foundation\\Http\\Middleware\\TransformsRequest->handle()
#20 C:\\Users\\Ken Ralph\\Desktop\\MFI Activity\\SAD\\Laravel\\villa_aurora\\vendor\\laravel\\framework\\src\\Illuminate\\Pipeline\\Pipeline.php(183): Illuminate\\Foundation\\Http\\Middleware\\TrimStrings->handle()
#21 C:\\Users\\Ken Ralph\\Desktop\\MFI Activity\\SAD\\Laravel\\villa_aurora\\vendor\\laravel\\framework\\src\\Illuminate\\Http\\Middleware\\ValidatePostSize.php(27): Illuminate\\Pipeline\\Pipeline->Illuminate\\Pipeline\\{closure}()
#22 C:\\Users\\Ken Ralph\\Desktop\\MFI Activity\\SAD\\Laravel\\villa_aurora\\vendor\\laravel\\framework\\src\\Illuminate\\Pipeline\\Pipeline.php(183): Illuminate\\Http\\Middleware\\ValidatePostSize->handle()
#23 C:\\Users\\Ken Ralph\\Desktop\\MFI Activity\\SAD\\Laravel\\villa_aurora\\vendor\\laravel\\framework\\src\\Illuminate\\Foundation\\Http\\Middleware\\PreventRequestsDuringMaintenance.php(110): Illuminate\\Pipeline\\Pipeline->Illuminate\\Pipeline\\{closure}()
#24 C:\\Users\\Ken Ralph\\Desktop\\MFI Activity\\SAD\\Laravel\\villa_aurora\\vendor\\laravel\\framework\\src\\Illuminate\\Pipeline\\Pipeline.php(183): Illuminate\\Foundation\\Http\\Middleware\\PreventRequestsDuringMaintenance->handle()
#25 C:\\Users\\Ken Ralph\\Desktop\\MFI Activity\\SAD\\Laravel\\villa_aurora\\vendor\\laravel\\framework\\src\\Illuminate\\Http\\Middleware\\HandleCors.php(62): Illuminate\\Pipeline\\Pipeline->Illuminate\\Pipeline\\{closure}()
#26 C:\\Users\\Ken Ralph\\Desktop\\MFI Activity\\SAD\\Laravel\\villa_aurora\\vendor\\laravel\\framework\\src\\Illuminate\\Pipeline\\Pipeline.php(183): Illuminate\\Http\\Middleware\\HandleCors->handle()
#27 C:\\Users\\Ken Ralph\\Desktop\\MFI Activity\\SAD\\Laravel\\villa_aurora\\vendor\\laravel\\framework\\src\\Illuminate\\Http\\Middleware\\TrustProxies.php(57): Illuminate\\Pipeline\\Pipeline->Illuminate\\Pipeline\\{closure}()
#28 C:\\Users\\Ken Ralph\\Desktop\\MFI Activity\\SAD\\Laravel\\villa_aurora\\vendor\\laravel\\framework\\src\\Illuminate\\Pipeline\\Pipeline.php(183): Illuminate\\Http\\Middleware\\TrustProxies->handle()
#29 C:\\Users\\Ken Ralph\\Desktop\\MFI Activity\\SAD\\Laravel\\villa_aurora\\vendor\\laravel\\framework\\src\\Illuminate\\Pipeline\\Pipeline.php(119): Illuminate\\Pipeline\\Pipeline->Illuminate\\Pipeline\\{closure}()
#30 C:\\Users\\Ken Ralph\\Desktop\\MFI Activity\\SAD\\Laravel\\villa_aurora\\vendor\\laravel\\framework\\src\\Illuminate\\Foundation\\Http\\Kernel.php(175): Illuminate\\Pipeline\\Pipeline->then()
#31 C:\\Users\\Ken Ralph\\Desktop\\MFI Activity\\SAD\\Laravel\\villa_aurora\\vendor\\laravel\\framework\\src\\Illuminate\\Foundation\\Http\\Kernel.php(144): Illuminate\\Foundation\\Http\\Kernel->sendRequestThroughRouter()
#32 C:\\Users\\Ken Ralph\\Desktop\\MFI Activity\\SAD\\Laravel\\villa_aurora\\vendor\\laravel\\framework\\src\\Illuminate\\Foundation\\Application.php(1168): Illuminate\\Foundation\\Http\\Kernel->handle()
#33 C:\\Users\\Ken Ralph\\Desktop\\MFI Activity\\SAD\\Laravel\\villa_aurora\\public\\index.php(17): Illuminate\\Foundation\\Application->handleRequest()
#34 C:\\Users\\Ken Ralph\\Desktop\\MFI Activity\\SAD\\Laravel\\villa_aurora\\vendor\\laravel\\framework\\src\\Illuminate\\Foundation\\resources\\server.php(16): require_once('...')
#35 {main}
"} 
